> Task :compileJava UP-TO-DATE
> Task :processResources UP-TO-DATE
> Task :classes UP-TO-DATE
> Task :resolveMainClassName

> Task :bootRun

  .   ____          _            __ _ _
 /\\ / ___'_ __ _ _(_)_ __  __ _ \ \ \ \
( ( )\___ | '_ | '_| | '_ \/ _` | \ \ \ \
 \\/  ___)| |_)| | | | | || (_| |  ) ) ) )
  '  |____| .__|_| |_|_| |_\__, | / / / /
 =========|_|==============|___/=/_/_/_/
 :: Spring Boot ::                (v3.1.0)

2026-05-14T21:55:30.302+09:00  INFO 27496 --- [           main] roomescape.RoomescapeApplication         : Starting RoomescapeApplication using Java 17.0.12 with PID 27496 (C:\Users\2390k\OneDrive\¹ŁÅĮ Č­øé\room_escape\build\classes\java\main started by 2390k in C:\Users\2390k\OneDrive\¹ŁÅĮ Č­øé\room_escape)
2026-05-14T21:55:30.324+09:00  INFO 27496 --- [           main] roomescape.RoomescapeApplication         : No active profile set, falling back to 1 default profile: "default"
2026-05-14T21:55:32.218+09:00  INFO 27496 --- [           main] o.s.b.w.embedded.tomcat.TomcatWebServer  : Tomcat initialized with port(s): 8080 (http)
2026-05-14T21:55:32.249+09:00  INFO 27496 --- [           main] o.apache.catalina.core.StandardService   : Starting service [Tomcat]
2026-05-14T21:55:32.249+09:00  INFO 27496 --- [           main] o.apache.catalina.core.StandardEngine    : Starting Servlet engine: [Apache Tomcat/10.1.8]
2026-05-14T21:55:32.440+09:00  INFO 27496 --- [           main] o.a.c.c.C.[Tomcat].[localhost].[/]       : Initializing Spring embedded WebApplicationContext
2026-05-14T21:55:32.440+09:00  INFO 27496 --- [           main] w.s.c.ServletWebServerApplicationContext : Root WebApplicationContext: initialization completed in 2032 ms
2026-05-14T21:55:32.520+09:00  INFO 27496 --- [           main] com.zaxxer.hikari.HikariDataSource       : HikariPool-1 - Starting...
2026-05-14T21:55:32.774+09:00  INFO 27496 --- [           main] com.zaxxer.hikari.pool.HikariPool        : HikariPool-1 - Added connection conn0: url=jdbc:h2:mem:database user=SA
2026-05-14T21:55:32.790+09:00  INFO 27496 --- [           main] com.zaxxer.hikari.HikariDataSource       : HikariPool-1 - Start completed.
2026-05-14T21:55:32.810+09:00  INFO 27496 --- [           main] o.s.b.a.h2.H2ConsoleAutoConfiguration    : H2 console available at '/h2-console'. Database available at 'jdbc:h2:mem:database'
2026-05-14T21:55:33.667+09:00  INFO 27496 --- [           main] o.s.b.w.embedded.tomcat.TomcatWebServer  : Tomcat started on port(s): 8080 (http) with context path ''
2026-05-14T21:55:33.667+09:00  INFO 27496 --- [           main] roomescape.RoomescapeApplication         : Started RoomescapeApplication in 3.998 seconds (process running for 4.472)
